Arguments: 
  C:\Program Files\nodejs\node.exe C:\Users\malharia\AppData\Roaming\npm\node_modules\yarn\bin\yarn.js dev

PATH: 
  C:\Users\malharia\bin;C:\Program Files\Git\mingw64\bin;C:\Program Files\Git\usr\local\bin;C:\Program Files\Git\usr\bin;C:\Program Files\Git\usr\bin;C:\Program Files\Git\mingw64\bin;C:\Program Files\Git\usr\bin;C:\Users\malharia\bin;C:\Program Files\Common Files\Oracle\Java\javapath;C:\Program Files (x86)\Common Files\Oracle\Java\javapath;C:\Windows\system32;C:\Windows;C:\Windows\System32\Wbem;C:\Windows\System32\WindowsPowerShell\v1.0;C:\Windows\System32\OpenSSH;C:\Program Files\Git\cmd;C:\Program Files\dotnet;C:\Program Files\Go\bin;C:\Program Files\nodejs;C:\MinGW\bin;C:\Users\malharia\AppData\Local\Microsoft\WindowsApps;C:\Users\malharia\AppData\Local\Programs\Microsoft VS Code\bin;C:\Program Files\heroku\bin;C:\Users\malharia\.dotnet\tools;C:\ProgramData\malharia\atom\bin;C:\Users\malharia\go\bin;C:\Users\malharia\AppData\Roaming\npm;C:\Program Files\Git\usr\bin\vendor_perl;C:\Program Files\Git\usr\bin\core_perl

Yarn version: 
  1.22.10

Node version: 
  14.18.1

Platform: 
  win32 x64

Trace: 
  SyntaxError: C:\web-shaipher\front-end\package.json: Unexpected token } in JSON at position 180
      at JSON.parse (<anonymous>)
      at C:\Users\malharia\AppData\Roaming\npm\node_modules\yarn\lib\cli.js:1625:59
      at Generator.next (<anonymous>)
      at step (C:\Users\malharia\AppData\Roaming\npm\node_modules\yarn\lib\cli.js:310:30)
      at C:\Users\malharia\AppData\Roaming\npm\node_modules\yarn\lib\cli.js:321:13

npm manifest: 
  {
    "name": "front-end",
    "version": "1.0.0",
    "main": "src/main.ts",
    "license": "MIT",
    "scripts": {
      "dev": "nodemon --watch 'src/' --exec 'ts-node src/app.ts' -e ts",
    },
    "dependencies": {
      "express": "^4.17.2"
    },
    "devDependencies": {
      "@types/node": "^17.0.1",
      "nodemon": "^2.0.15",
      "ts-node": "^10.4.0",
      "typescript": "^4.5.4"
    }
  }

yarn manifest: 
  No manifest

Lockfile: 
  No lockfile
